<?xml version="1.0" encoding="UTF-8"?>
<!-- Generated by org.testng.reporters.JUnitReportReporter -->
<testsuite hostname="DESKTOP-PJQ4V1R" failures="0" tests="3" name="TestNG_Parameters.TestCases_dependsOnMethod" time="29.666" errors="0" timestamp="2022-04-23T12:21:02 IST" skipped="0">
  <testcase classname="TestNG_Parameters.TestCases_dependsOnMethod" name="testcase003" time="14.288"/>
  <system-out/>
  <testcase classname="TestNG_Parameters.TestCases_dependsOnMethod" name="testcase002" time="5.447"/>
  <system-out/>
  <testcase classname="TestNG_Parameters.TestCases_dependsOnMethod" name="testcase001" time="9.931"/>
  <system-out/>
</testsuite> <!-- TestNG_Parameters.TestCases_dependsOnMethod -->
