<?xml version="1.0" encoding="UTF-8"?>
<!-- Generated by org.testng.reporters.JUnitReportReporter -->
<testsuite hostname="DESKTOP-PJQ4V1R" failures="0" tests="3" name="TestNG_Parameters.TestCases" time="29.716" errors="0" timestamp="2022-04-22T21:27:17 IST" skipped="0">
  <testcase classname="TestNG_Parameters.TestCases" name="testcase003" time="10.884"/>
  <system-out/>
  <testcase classname="TestNG_Parameters.TestCases" name="testcase001" time="13.847"/>
  <system-out/>
  <testcase classname="TestNG_Parameters.TestCases" name="testcase002" time="4.985"/>
  <system-out/>
</testsuite> <!-- TestNG_Parameters.TestCases -->
