<?xml version="1.0" encoding="UTF-8"?>
<!-- Generated by org.testng.reporters.JUnitReportReporter -->
<testsuite hostname="DESKTOP-PJQ4V1R" failures="0" tests="2" name="TestNG.Student" time="0.029" errors="0" timestamp="2022-01-13T15:45:21 IST" skipped="0">
  <testcase classname="TestNG.Student" name="f2" time="0.006"/>
  <system-out/>
  <testcase classname="TestNG.Student" name="f" time="0.023"/>
  <system-out/>
</testsuite> <!-- TestNG.Student -->
