<?xml version="1.0" encoding="UTF-8"?>
<!-- Generated by org.testng.reporters.JUnitReportReporter -->
<testsuite hostname="DESKTOP-PJQ4V1R" failures="0" tests="1" name="TestNG_Testcases.LoginTestcases" time="32.180" errors="0" timestamp="2022-04-25T15:53:20 IST" skipped="0">
  <testcase classname="TestNG_Testcases.LoginTestcases" name="loginTest001" time="32.180"/>
  <system-out/>
</testsuite> <!-- TestNG_Testcases.LoginTestcases -->
