<?xml version="1.0" encoding="UTF-8"?>
<!-- Generated by org.testng.reporters.JUnitReportReporter -->
<testsuite hostname="DESKTOP-PJQ4V1R" failures="0" tests="3" name="TestNG_Bigbasket_Excel.TestCases" time="32.326" errors="0" timestamp="2022-04-22T11:29:01 IST" skipped="0">
  <testcase classname="TestNG_Bigbasket_Excel.TestCases" name="testcase002" time="9.262"/>
  <system-out/>
  <testcase classname="TestNG_Bigbasket_Excel.TestCases" name="testcase001" time="10.143"/>
  <system-out/>
  <testcase classname="TestNG_Bigbasket_Excel.TestCases" name="testcase003" time="12.921"/>
  <system-out/>
</testsuite> <!-- TestNG_Bigbasket_Excel.TestCases -->
