<?xml version="1.0" encoding="UTF-8"?>
<!-- Generated by org.testng.reporters.JUnitReportReporter -->
<testsuite hostname="DESKTOP-PJQ4V1R" failures="0" tests="2" name="TestNG.School" time="0.025" errors="0" timestamp="2022-01-13T16:09:11 IST" skipped="0">
  <testcase classname="TestNG.School" name="Student2" time="0.013"/>
  <system-out/>
  <testcase classname="TestNG.School" name="Student" time="0.012"/>
  <system-out/>
</testsuite> <!-- TestNG.School -->
